Log file open, 04/07/18 15:03:00
LogWindows: Failed to load 'aqProf.dll' (GetLastError=126)
LogWindows: File 'aqProf.dll' does not exist
LogWindows: Failed to load 'VtuneApi.dll' (GetLastError=126)
LogWindows: File 'VtuneApi.dll' does not exist
LogWindows: Failed to load 'VtuneApi32e.dll' (GetLastError=126)
LogWindows: File 'VtuneApi32e.dll' does not exist
LogInit: Display: Running engine for game: MadJock_SmartLinks
LogPlatformFile: Not using cached read wrapper
LogInit: Display: RandInit(748133783) SRandInit(748133784).
LogInit: Read version file with build ID '3944462'
LogInit: Overriding engine version to CL 3944462, compatible CL 3944462
LogInit: Registered custom module enumerator with build ID '3944462'
LogTaskGraph: Started task graph with 5 named threads and 35 total threads with 3 sets of task threads.
LogStats: Stats thread started at 1.359041
LogD3D11RHI: Aftermath initialized
LogICUInternationalization: Display: ICU TimeZone Detection - Raw Offset: +0:00, Platform Override: ''
LogModuleManager: Display: Found up-to-date module file ../../../Engine/Plugins/2D/Paper2D/Binaries/Win64/UE4Editor-Paper2D.dll (API version 3944462).
LogModuleManager: Display: Found up-to-date module file ../../../Engine/Plugins/2D/Paper2D/Binaries/Win64/UE4Editor-Paper2DEditor.dll (API version 3944462).
LogModuleManager: Display: Found up-to-date module file ../../../Engine/Plugins/2D/Paper2D/Binaries/Win64/UE4Editor-PaperSpriteSheetImporter.dll (API version 3944462).
LogModuleManager: Display: Found up-to-date module file ../../../Engine/Plugins/2D/Paper2D/Binaries/Win64/UE4Editor-PaperTiledImporter.dll (API version 3944462).
LogModuleManager: Display: Found up-to-date module file ../../../Engine/Plugins/2D/Paper2D/Binaries/Win64/UE4Editor-SmartSnapping.dll (API version 3944462).
LogModuleManager: Display: Found up-to-date module file ../../../Engine/Plugins/Blendables/LightPropagationVolume/Binaries/Win64/UE4Editor-LightPropagationVolumeRuntime.dll (API version 3944462).
LogModuleManager: Display: Found up-to-date module file ../../../Engine/Plugins/Blendables/LightPropagationVolume/Binaries/Win64/UE4Editor-LightPropagationVolumeEditor.dll (API version 3944462).
LogModuleManager: Display: Found up-to-date module file ../../../Engine/Plugins/Developer/CLionSourceCodeAccess/Binaries/Win64/UE4Editor-CLionSourceCodeAccess.dll (API version 3944462).
LogModuleManager: Display: Found up-to-date module file ../../../Engine/Plugins/Developer/GitSourceControl/Binaries/Win64/UE4Editor-GitSourceControl.dll (API version 3944462).
LogModuleManager: Display: Found up-to-date module file ../../../Engine/Plugins/Developer/PerforceSourceControl/Binaries/Win64/UE4Editor-PerforceSourceControl.dll (API version 3944462).
LogModuleManager: Display: Found up-to-date module file ../../../Engine/Plugins/Developer/SubversionSourceControl/Binaries/Win64/UE4Editor-SubversionSourceControl.dll (API version 3944462).
LogModuleManager: Display: Found up-to-date module file ../../../Engine/Plugins/Developer/UObjectPlugin/Binaries/Win64/UE4Editor-UObjectPlugin.dll (API version 3944462).
LogModuleManager: Display: Found up-to-date module file ../../../Engine/Plugins/Developer/VisualStudioCodeSourceCodeAccess/Binaries/Win64/UE4Editor-VisualStudioCodeSourceCodeAccess.dll (API version 3944462).
LogModuleManager: Display: Found up-to-date module file ../../../Engine/Plugins/Developer/VisualStudioSourceCodeAccess/Binaries/Win64/UE4Editor-VisualStudioSourceCodeAccess.dll (API version 3944462).
LogModuleManager: Display: Found up-to-date module file ../../../Engine/Plugins/Editor/AssetManagerEditor/Binaries/Win64/UE4Editor-AssetManagerEditor.dll (API version 3944462).
LogModuleManager: Display: Found up-to-date module file ../../../Engine/Plugins/Editor/CryptoKeys/Binaries/Win64/UE4Editor-CryptoKeys.dll (API version 3944462).
LogModuleManager: Display: Found up-to-date module file ../../../Engine/Plugins/Editor/CryptoKeys/Binaries/Win64/UE4Editor-CryptoKeysOpenSSL.dll (API version 3944462).
LogModuleManager: Display: Found up-to-date module file ../../../Engine/Plugins/Editor/DataValidation/Binaries/Win64/UE4Editor-DataValidation.dll (API version 3944462).
LogModuleManager: Display: Found up-to-date module file ../../../Engine/Plugins/Editor/FacialAnimation/Binaries/Win64/UE4Editor-FacialAnimation.dll (API version 3944462).
LogModuleManager: Display: Found up-to-date module file ../../../Engine/Plugins/Editor/FacialAnimation/Binaries/Win64/UE4Editor-FacialAnimationEditor.dll (API version 3944462).
LogModuleManager: Display: Found up-to-date module file ../../../Engine/Plugins/Editor/GameplayTagsEditor/Binaries/Win64/UE4Editor-GameplayTagsEditor.dll (API version 3944462).
LogModuleManager: Display: Found up-to-date module file ../../../Engine/Plugins/Editor/MobileLauncherProfileWizard/Binaries/Win64/UE4Editor-MobileLauncherProfileWizard.dll (API version 3944462).
LogModuleManager: Display: Found up-to-date module file ../../../Engine/Plugins/Editor/PluginBrowser/Binaries/Win64/UE4Editor-PluginBrowser.dll (API version 3944462).
LogModuleManager: Display: Found up-to-date module file ../../../Engine/Plugins/Editor/SpeedTreeImporter/Binaries/Win64/UE4Editor-SpeedTreeImporter.dll (API version 3944462).
LogModuleManager: Display: Found up-to-date module file ../../../Engine/Plugins/Enterprise/DatasmithContent/Binaries/Win64/UE4Editor-DatasmithContent.dll (API version 3944462).
LogModuleManager: Display: Found up-to-date module file ../../../Engine/Plugins/Experimental/AlembicImporter/Binaries/Win64/UE4Editor-AlembicImporter.dll (API version 3944462).
LogModuleManager: Display: Found up-to-date module file ../../../Engine/Plugins/Experimental/AlembicImporter/Binaries/Win64/UE4Editor-AlembicLibrary.dll (API version 3944462).
LogModuleManager: Display: Found up-to-date module file ../../../Engine/Plugins/Experimental/CharacterAI/Binaries/Win64/UE4Editor-CharacterAI.dll (API version 3944462).
LogModuleManager: Display: Found up-to-date module file ../../../Engine/Plugins/Experimental/HTML5Networking/Binaries/Win64/UE4Editor-HTML5Networking.dll (API version 3944462).
LogModuleManager: Display: Found up-to-date module file ../../../Engine/Plugins/Media/AndroidMedia/Binaries/Win64/UE4Editor-AndroidMediaEditor.dll (API version 3944462).
LogModuleManager: Display: Found up-to-date module file ../../../Engine/Plugins/Media/AndroidMedia/Binaries/Win64/UE4Editor-AndroidMediaFactory.dll (API version 3944462).
LogModuleManager: Display: Found up-to-date module file ../../../Engine/Plugins/Media/AvfMedia/Binaries/Win64/UE4Editor-AvfMediaEditor.dll (API version 3944462).
LogModuleManager: Display: Found up-to-date module file ../../../Engine/Plugins/Media/AvfMedia/Binaries/Win64/UE4Editor-AvfMediaFactory.dll (API version 3944462).
LogModuleManager: Display: Found up-to-date module file ../../../Engine/Plugins/Media/AvfMedia/Binaries/Win64/UE4Editor-AvfMediaFactory.dll (API version 3944462).
LogModuleManager: Display: Found up-to-date module file ../../../Engine/Plugins/Media/ImgMedia/Binaries/Win64/UE4Editor-ImgMedia.dll (API version 3944462).
LogModuleManager: Display: Found up-to-date module file ../../../Engine/Plugins/Media/ImgMedia/Binaries/Win64/UE4Editor-ImgMediaEditor.dll (API version 3944462).
LogModuleManager: Display: Found up-to-date module file ../../../Engine/Plugins/Media/ImgMedia/Binaries/Win64/UE4Editor-ImgMediaFactory.dll (API version 3944462).
LogModuleManager: Display: Found up-to-date module file ../../../Engine/Plugins/Media/ImgMedia/Binaries/Win64/UE4Editor-ImgMediaFactory.dll (API version 3944462).
LogModuleManager: Display: Found up-to-date module file ../../../Engine/Plugins/Media/ImgMedia/Binaries/Win64/UE4Editor-OpenExrWrapper.dll (API version 3944462).
LogModuleManager: Display: Found up-to-date module file ../../../Engine/Plugins/Media/LinearTimecode/Binaries/Win64/UE4Editor-LinearTimecode.dll (API version 3944462).
LogModuleManager: Display: Found up-to-date module file ../../../Engine/Plugins/Media/MediaCompositing/Binaries/Win64/UE4Editor-MediaCompositing.dll (API version 3944462).
LogModuleManager: Display: Found up-to-date module file ../../../Engine/Plugins/Media/MediaCompositing/Binaries/Win64/UE4Editor-MediaCompositingEditor.dll (API version 3944462).
LogModuleManager: Display: Found up-to-date module file ../../../Engine/Plugins/Media/MediaPlayerEditor/Binaries/Win64/UE4Editor-MediaPlayerEditor.dll (API version 3944462).
LogModuleManager: Display: Found up-to-date module file ../../../Engine/Plugins/Media/WmfMedia/Binaries/Win64/UE4Editor-WmfMedia.dll (API version 3944462).
LogModuleManager: Display: Found up-to-date module file ../../../Engine/Plugins/Media/WmfMedia/Binaries/Win64/UE4Editor-WmfMediaEditor.dll (API version 3944462).
LogModuleManager: Display: Found up-to-date module file ../../../Engine/Plugins/Media/WmfMedia/Binaries/Win64/UE4Editor-WmfMediaFactory.dll (API version 3944462).
LogModuleManager: Display: Found up-to-date module file ../../../Engine/Plugins/Media/WmfMedia/Binaries/Win64/UE4Editor-WmfMediaFactory.dll (API version 3944462).
LogModuleManager: Display: Found up-to-date module file ../../../Engine/Plugins/Messaging/TcpMessaging/Binaries/Win64/UE4Editor-TcpMessaging.dll (API version 3944462).
LogModuleManager: Display: Found up-to-date module file ../../../Engine/Plugins/Messaging/UdpMessaging/Binaries/Win64/UE4Editor-UdpMessaging.dll (API version 3944462).
LogModuleManager: Display: Found up-to-date module file ../../../Engine/Plugins/MovieScene/ActorSequence/Binaries/Win64/UE4Editor-ActorSequence.dll (API version 3944462).
LogModuleManager: Display: Found up-to-date module file ../../../Engine/Plugins/MovieScene/LevelSequenceEditor/Binaries/Win64/UE4Editor-LevelSequenceEditor.dll (API version 3944462).
LogModuleManager: Display: Found up-to-date module file ../../../Engine/Plugins/MovieScene/MatineeToLevelSequence/Binaries/Win64/UE4Editor-MatineeToLevelSequence.dll (API version 3944462).
LogModuleManager: Display: Found up-to-date module file ../../../Engine/Plugins/NetcodeUnitTest/NetcodeUnitTest/Binaries/Win64/UE4Editor-NetcodeUnitTest.dll (API version 3944462).
LogModuleManager: Display: Found up-to-date module file ../../../Engine/Plugins/NetcodeUnitTest/NUTUnrealEngine4/Binaries/Win64/UE4Editor-NUTUnrealEngine4.dll (API version 3944462).
LogModuleManager: Display: Found up-to-date module file ../../../Engine/Plugins/Online/OnlineSubsystem/Binaries/Win64/UE4Editor-OnlineSubsystem.dll (API version 3944462).
LogModuleManager: Display: Found up-to-date module file ../../../Engine/Plugins/Runtime/AndroidPermission/Binaries/Win64/UE4Editor-AndroidPermission.dll (API version 3944462).
LogModuleManager: Display: Found up-to-date module file ../../../Engine/Plugins/Online/OnlineSubsystemNull/Binaries/Win64/UE4Editor-OnlineSubsystemNull.dll (API version 3944462).
LogModuleManager: Display: Found up-to-date module file ../../../Engine/Plugins/Online/OnlineSubsystemUtils/Binaries/Win64/UE4Editor-OnlineSubsystemUtils.dll (API version 3944462).
LogModuleManager: Display: Found up-to-date module file ../../../Engine/Plugins/Online/OnlineSubsystemUtils/Binaries/Win64/UE4Editor-OnlineBlueprintSupport.dll (API version 3944462).
LogModuleManager: Display: Found up-to-date module file ../../../Engine/Plugins/Runtime/AndroidDeviceProfileSelector/Binaries/Win64/UE4Editor-AndroidDeviceProfileSelector.dll (API version 3944462).
LogModuleManager: Display: Found up-to-date module file ../../../Engine/Plugins/Runtime/AppleARKit/Binaries/Win64/UE4Editor-AppleARKit.dll (API version 3944462).
LogModuleManager: Display: Found up-to-date module file ../../../Engine/Plugins/Runtime/ProceduralMeshComponent/Binaries/Win64/UE4Editor-ProceduralMeshComponent.dll (API version 3944462).
LogModuleManager: Display: Found up-to-date module file ../../../Engine/Plugins/Runtime/ProceduralMeshComponent/Binaries/Win64/UE4Editor-ProceduralMeshComponentEditor.dll (API version 3944462).
LogModuleManager: Display: Found up-to-date module file ../../../Engine/Plugins/Animation/LiveLink/Binaries/Win64/UE4Editor-LiveLink.dll (API version 3944462).
LogModuleManager: Display: Found up-to-date module file ../../../Engine/Plugins/Animation/LiveLink/Binaries/Win64/UE4Editor-LiveLinkEditor.dll (API version 3944462).
LogModuleManager: Display: Found up-to-date module file ../../../Engine/Plugins/Runtime/ArchVisCharacter/Binaries/Win64/UE4Editor-ArchVisCharacter.dll (API version 3944462).
LogModuleManager: Display: Found up-to-date module file ../../../Engine/Plugins/Runtime/AudioCapture/Binaries/Win64/UE4Editor-AudioCapture.dll (API version 3944462).
LogModuleManager: Display: Found up-to-date module file ../../../Engine/Plugins/Runtime/AudioCapture/Binaries/Win64/UE4Editor-AudioCaptureEditor.dll (API version 3944462).
LogModuleManager: Display: Found up-to-date module file ../../../Engine/Plugins/Runtime/CableComponent/Binaries/Win64/UE4Editor-CableComponent.dll (API version 3944462).
LogModuleManager: Display: Found up-to-date module file ../../../Engine/Plugins/Runtime/CustomMeshComponent/Binaries/Win64/UE4Editor-CustomMeshComponent.dll (API version 3944462).
LogModuleManager: Display: Found up-to-date module file ../../../Engine/Plugins/Runtime/ExampleDeviceProfileSelector/Binaries/Win64/UE4Editor-ExampleDeviceProfileSelector.dll (API version 3944462).
LogModuleManager: Display: Found up-to-date module file ../../../Engine/Plugins/Runtime/ImmediatePhysics/Binaries/Win64/UE4Editor-ImmediatePhysics.dll (API version 3944462).
LogModuleManager: Display: Found up-to-date module file ../../../Engine/Plugins/Runtime/ImmediatePhysics/Binaries/Win64/UE4Editor-ImmediatePhysicsEditor.dll (API version 3944462).
LogModuleManager: Display: Found up-to-date module file ../../../Engine/Plugins/Runtime/LocationServicesBPLibrary/Binaries/Win64/UE4Editor-LocationServicesBPLibrary.dll (API version 3944462).
LogModuleManager: Display: Found up-to-date module file ../../../Engine/Plugins/Runtime/MobilePatchingUtils/Binaries/Win64/UE4Editor-MobilePatchingUtils.dll (API version 3944462).
LogModuleManager: Display: Found up-to-date module file ../../../Engine/Plugins/Runtime/Oculus/OculusVR/Binaries/Win64/UE4Editor-OculusHMD.dll (API version 3944462).
LogModuleManager: Display: Found up-to-date module file ../../../Engine/Plugins/Runtime/Oculus/OculusVR/Binaries/Win64/UE4Editor-OculusInput.dll (API version 3944462).
LogModuleManager: Display: Found up-to-date module file ../../../Engine/Plugins/Runtime/Oculus/OculusVR/Binaries/Win64/UE4Editor-OculusEditor.dll (API version 3944462).
LogModuleManager: Display: Found up-to-date module file ../../../Engine/Plugins/Runtime/PhysXVehicles/Binaries/Win64/UE4Editor-PhysXVehicles.dll (API version 3944462).
LogModuleManager: Display: Found up-to-date module file ../../../Engine/Plugins/Runtime/PhysXVehicles/Binaries/Win64/UE4Editor-PhysXVehiclesEditor.dll (API version 3944462).
LogModuleManager: Display: Found up-to-date module file ../../../Engine/Plugins/Runtime/RuntimePhysXCooking/Binaries/Win64/UE4Editor-RuntimePhysXCooking.dll (API version 3944462).
LogModuleManager: Display: Found up-to-date module file ../../../Engine/Plugins/Runtime/Steam/SteamVR/Binaries/Win64/UE4Editor-SteamVR.dll (API version 3944462).
LogModuleManager: Display: Found up-to-date module file ../../../Engine/Plugins/Runtime/Steam/SteamVR/Binaries/Win64/UE4Editor-SteamVRController.dll (API version 3944462).
LogModuleManager: Display: Found up-to-date module file ../../../Engine/Plugins/Runtime/WindowsMoviePlayer/Binaries/Win64/UE4Editor-WindowsMoviePlayer.dll (API version 3944462).
LogPluginManager: Mounting plugin Paper2D
LogPluginManager: Mounting plugin LiveLink
LogPluginManager: Mounting plugin LightPropagationVolume
LogPluginManager: Mounting plugin CLionSourceCodeAccess
LogPluginManager: Mounting plugin CodeLiteSourceCodeAccess
LogPluginManager: Mounting plugin GitSourceControl
LogPluginManager: Mounting plugin KDevelopSourceCodeAccess
LogPluginManager: Mounting plugin NullSourceCodeAccess
LogPluginManager: Mounting plugin PerforceSourceControl
LogPluginManager: Mounting plugin SubversionSourceControl
LogPluginManager: Mounting plugin UObjectPlugin
LogPluginManager: Mounting plugin VisualStudioCodeSourceCodeAccess
LogPluginManager: Mounting plugin VisualStudioSourceCodeAccess
LogPluginManager: Mounting plugin XCodeSourceCodeAccess
LogPluginManager: Mounting plugin AssetManagerEditor
LogPluginManager: Mounting plugin CryptoKeys
LogPluginManager: Mounting plugin DataValidation
LogPluginManager: Mounting plugin FacialAnimation
LogPluginManager: Mounting plugin GameplayTagsEditor
LogPluginManager: Mounting plugin MobileLauncherProfileWizard
LogPluginManager: Mounting plugin PluginBrowser
LogPluginManager: Mounting plugin SpeedTreeImporter
LogPluginManager: Mounting plugin DatasmithContent
LogPluginManager: Mounting plugin AlembicImporter
LogPluginManager: Mounting plugin CharacterAI
LogPluginManager: Mounting plugin HTML5Networking
LogPluginManager: Mounting plugin AndroidMedia
LogPluginManager: Mounting plugin AvfMedia
LogPluginManager: Mounting plugin ImgMedia
LogPluginManager: Mounting plugin LinearTimecode
LogPluginManager: Mounting plugin MediaCompositing
LogPluginManager: Mounting plugin MediaPlayerEditor
LogPluginManager: Mounting plugin WmfMedia
LogPluginManager: Mounting plugin TcpMessaging
LogPluginManager: Mounting plugin UdpMessaging
LogPluginManager: Mounting plugin ActorSequence
LogPluginManager: Mounting plugin LevelSequenceEditor
LogPluginManager: Mounting plugin MatineeToLevelSequence
LogPluginManager: Mounting plugin NetcodeUnitTest
LogPluginManager: Mounting plugin NUTUnrealEngine4
LogPluginManager: Mounting plugin OnlineSubsystemGooglePlay
LogPluginManager: Mounting plugin OnlineSubsystemIOS
LogPluginManager: Mounting plugin OnlineSubsystem
LogPluginManager: Mounting plugin OnlineSubsystemNull
LogPluginManager: Mounting plugin OnlineSubsystemUtils
LogPluginManager: Mounting plugin AndroidDeviceProfileSelector
LogPluginManager: Mounting plugin AndroidMoviePlayer
LogPluginManager: Mounting plugin AndroidPermission
LogPluginManager: Mounting plugin AppleARKit
LogPluginManager: Mounting plugin AppleMoviePlayer
LogPluginManager: Mounting plugin ArchVisCharacter
LogPluginManager: Mounting plugin AudioCapture
LogPluginManager: Mounting plugin CableComponent
LogPluginManager: Mounting plugin CustomMeshComponent
LogPluginManager: Mounting plugin ExampleDeviceProfileSelector
LogPluginManager: Mounting plugin GoogleCloudMessaging
LogPluginManager: Mounting plugin ImmediatePhysics
LogPluginManager: Mounting plugin IOSDeviceProfileSelector
LogPluginManager: Mounting plugin LinuxDeviceProfileSelector
LogPluginManager: Mounting plugin LocationServicesBPLibrary
LogPluginManager: Mounting plugin MobilePatchingUtils
LogPluginManager: Mounting plugin OculusVR
LogPluginManager: Plugin shader directory ../../../Engine/Plugins/Runtime/Oculus/OculusVR/Shaders found
LogPluginManager: Mapping shader source directory ../../../Engine/Plugins/Runtime/Oculus/OculusVR/Shaders to virtual directory /Plugin/OculusVR
LogPluginManager: Mounting plugin PhysXVehicles
LogPluginManager: Mounting plugin ProceduralMeshComponent
LogPluginManager: Mounting plugin RuntimePhysXCooking
LogPluginManager: Mounting plugin SteamVR
LogPluginManager: Mounting plugin WindowsMoviePlayer
LogStreaming: Display: Took  2.822s to configure plugins.
LogInit: Using libcurl 7.47.1
LogInit:  - built for x86_64-pc-win32
LogInit:  - supports SSL with OpenSSL/1.0.2g
LogInit:  - supports HTTP deflate (compression) using libz 1.2.8
LogInit:  - other features:
LogInit:      CURL_VERSION_SSL
LogInit:      CURL_VERSION_LIBZ
LogInit:      CURL_VERSION_IPV6
LogInit:      CURL_VERSION_ASYNCHDNS
LogInit:      CURL_VERSION_LARGEFILE
LogInit:      CURL_VERSION_IDN
LogInit:  CurlRequestOptions (configurable via config and command line):
LogInit:  - bVerifyPeer = false  - Libcurl will NOT verify peer certificate
LogInit:  - bUseHttpProxy = false  - Libcurl will NOT use HTTP proxy
LogInit:  - bDontReuseConnections = false  - Libcurl will reuse connections
LogInit:  - CertBundlePath = nullptr  - Libcurl will use whatever was configured at build time.
LogInit:  - MaxHostConnections = 16  - Libcurl will limit the number of connections to a host
LogInit:  - LocalHostAddr = Default
LogInit: WinSock: version 1.1 (2.2), MaxSocks=32767, MaxUdp=65467
LogInit: WinSock: I am OuterHaven (192.168.0.2:0)
LogInit: Build: ++UE4+Release-4.19-CL-3944462
LogInit: Engine Version: 4.19.0-3944462+++UE4+Release-4.19
LogInit: Compatible Engine Version: 4.19.0-3944462+++UE4+Release-4.19
LogInit: Net CL: 3944462
LogDevObjectVersion: Number of dev versions registered: 18
LogDevObjectVersion:   Dev-Blueprints (B0D832E4-1F89-4F0D-ACCF-7EB736FD4AA2): 10
LogDevObjectVersion:   Dev-Build (E1C64328-A22C-4D53-A36C-8E866417BD8C): 0
LogDevObjectVersion:   Dev-Core (375EC13C-06E4-48FB-B500-84F0262A717E): 2
LogDevObjectVersion:   Dev-Editor (E4B068ED-F494-42E9-A231-DA0B2E46BB41): 23
LogDevObjectVersion:   Dev-Framework (CFFC743F-43B0-4480-9391-14DF171D2073): 33
LogDevObjectVersion:   Dev-Mobile (B02B49B5-BB20-44E9-A304-32B752E40360): 2
LogDevObjectVersion:   Dev-Networking (A4E4105C-59A1-49B5-A7C5-40C4547EDFEE): 0
LogDevObjectVersion:   Dev-Online (39C831C9-5AE6-47DC-9A44-9C173E1C8E7C): 0
LogDevObjectVersion:   Dev-Physics (78F01B33-EBEA-4F98-B9B4-84EACCB95AA2): 0
LogDevObjectVersion:   Dev-Platform (6631380F-2D4D-43E0-8009-CF276956A95A): 0
LogDevObjectVersion:   Dev-Rendering (12F88B9F-8875-4AFC-A67C-D90C383ABD29): 25
LogDevObjectVersion:   Dev-Sequencer (7B5AE74C-D270-4C10-A958-57980B212A5A): 6
LogDevObjectVersion:   Dev-VR (D7296918-1DD6-4BDD-9DE2-64A83CC13884): 1
LogDevObjectVersion:   Dev-LoadTimes (C2A15278-BFE7-4AFE-6C17-90FF531DF755): 1
LogDevObjectVersion:   Private-Geometry (6EACA3D4-40EC-4CC1-B786-8BED09428FC5): 2
LogDevObjectVersion:   Dev-AnimPhys (29E575DD-E0A3-4627-9D10-D276232CDCEA): 16
LogDevObjectVersion:   Dev-ReflectionCapture (6B266CEC-1EC7-4B8F-A30B-E4D90942FC07): 1
LogDevObjectVersion:   Dev-Automation (0DF73D61-A23F-47EA-B727-89E90C41499A): 1
LogInit: Compiled (64-bit): Mar 13 2018 23:12:32
LogInit: Compiled with Visual C++: 19.00.24215.01
LogInit: Build Configuration: Development
LogInit: Branch Name: ++UE4+Release-4.19
LogInit: Command Line:  
LogInit: Base Directory: C:/Program Files/Epic Games/UE_4.19/Engine/Binaries/Win64/
LogInit: Installed Engine Build: 1
LogStreaming: Display: Took  0.000s to delete old logs.
LogInit: Presizing for max 8388607 objects, including 0 objects not considered by GC, pre-allocating 0 bytes for permanent pool.
LogInit: Object subsystem initialized
[2018.04.07-14.03.03:641][  0]LogInit: Selected Device Profile: [Windows]
[2018.04.07-14.03.03:641][  0]LogInit: Applying CVar settings loaded from the selected device profile: [Windows]
[2018.04.07-14.03.03:705][  0]LogInit: Computer: OUTERHAVEN
[2018.04.07-14.03.03:705][  0]LogInit: User: BigBoss
[2018.04.07-14.03.03:705][  0]LogInit: CPU Page size=4096, Cores=6
[2018.04.07-14.03.03:705][  0]LogInit: High frequency timer resolution =3.222656 MHz
[2018.04.07-14.03.03:706][  0]LogMemory: Memory total: Physical=31.9GB (32GB approx)
[2018.04.07-14.03.03:706][  0]LogMemory: Platform Memory Stats for Windows
[2018.04.07-14.03.03:706][  0]LogMemory: Process Physical Memory: 283.12 MB used, 283.12 MB peak
[2018.04.07-14.03.03:706][  0]LogMemory: Process Virtual Memory: 272.52 MB used, 272.52 MB peak
[2018.04.07-14.03.03:706][  0]LogMemory: Physical Memory: 9800.45 MB used,  22862.72 MB free, 32663.17 MB total
[2018.04.07-14.03.03:706][  0]LogMemory: Virtual Memory: 770.83 MB used,  22862.72 MB free, 134217728.00 MB total
[2018.04.07-14.03.04:077][  0]LogInit: Using OS detected language (en-US).
[2018.04.07-14.03.04:077][  0]LogInit: Using OS detected locale (en-GB).
[2018.04.07-14.03.04:134][  0]LogTextLocalizationManager: No specific localization for 'en-US' exists, so the 'en' localization will be used.
[2018.04.07-14.03.04:745][  0]LogStreaming: Display: Took  0.668s to EndInitTextLocalization.
[2018.04.07-14.03.04:747][  0]LogInit: Setting process to per monitor DPI aware
[2018.04.07-14.03.04:881][  0]LogSlate: New Slate User Created.  User Index 0, Is Virtual User: 0
[2018.04.07-14.03.04:881][  0]LogSlate: Slate User Registered.  User Index 0, Is Virtual User: 0
[2018.04.07-14.03.07:343][  0]LogD3D11RHI: D3D11 adapters:
[2018.04.07-14.03.07:414][  0]LogD3D11RHI:    0. 'NVIDIA GeForce GTX 1080' (Feature Level 11_0)
[2018.04.07-14.03.07:414][  0]LogD3D11RHI:       8079/0/16331 MB DedicatedVideo/DedicatedSystem/SharedSystem, Outputs:2, VendorId:0x10de
[2018.04.07-14.03.07:416][  0]LogD3D11RHI:    1. 'Microsoft Basic Render Driver' (Feature Level 11_0)
[2018.04.07-14.03.07:416][  0]LogD3D11RHI:       0/0/16331 MB DedicatedVideo/DedicatedSystem/SharedSystem, Outputs:0, VendorId:0x1414
[2018.04.07-14.03.07:416][  0]LogD3D11RHI: Chosen D3D11 Adapter: 0
[2018.04.07-14.03.07:424][  0]LogD3D11RHI: Creating new Direct3DDevice
[2018.04.07-14.03.07:427][  0]LogD3D11RHI:     GPU DeviceId: 0x1b80 (for the marketing name, search the web for "GPU Device Id")
[2018.04.07-14.03.07:427][  0]LogWindows: EnumDisplayDevices:
[2018.04.07-14.03.07:427][  0]LogWindows:    0. 'NVIDIA GeForce GTX 1080' (P:1 D:1)
[2018.04.07-14.03.07:427][  0]LogWindows:    1. 'NVIDIA GeForce GTX 1080' (P:0 D:1)
[2018.04.07-14.03.07:428][  0]LogWindows:    2. 'NVIDIA GeForce GTX 1080' (P:0 D:0)
[2018.04.07-14.03.07:428][  0]LogWindows:    3. 'NVIDIA GeForce GTX 1080' (P:0 D:0)
[2018.04.07-14.03.07:428][  0]LogWindows: DebugString: GetVideoDriverDetailsInvalid PrimaryIsNotTheChoosenAdapter GetVideoDriverDetailsInvalid PrimaryIsNotTheChoosenAdapter GetVideoDriverDetailsInvalid PrimaryIsNotTheChoosenAdapter GetVideoDriverDetailsInvalid PrimaryIsNotTheChoosenAdapter FoundDriverCount:0 
[2018.04.07-14.03.07:428][  0]LogD3D11RHI:     Adapter Name: NVIDIA GeForce GTX 1080
[2018.04.07-14.03.07:428][  0]LogD3D11RHI:   Driver Version: Unknown (internal:Unknown, unified:Unknown)
[2018.04.07-14.03.07:428][  0]LogD3D11RHI:      Driver Date: Unknown
[2018.04.07-14.03.07:429][  0]LogRHI: Texture pool is 5655 MB (70% of 8079 MB)
[2018.04.07-14.03.07:484][  0]LogD3D11RHI: [Aftermath] Aftermath enabled and primed
[2018.04.07-14.03.07:484][  0]LogD3D11RHI: Async texture creation enabled
[2018.04.07-14.03.07:532][  0]LogD3D11RHI: GPU Timing Frequency: 1000.000000 (Debug: 2 2)
[2018.04.07-14.03.07:640][  0]LogShaderCompilers: Guid format shader working directory is -24 characters bigger than the processId version (E:/Projects/MadJock/Tutorials/Ai_Jumping_NavLinks/UE4/MadJock_SmartLinks/Intermediate/Shaders/WorkingDirectory/3324/).
[2018.04.07-14.03.07:641][  0]LogShaderCompilers: Cleaned the shader compiler working directory 'C:/Users/BigBoss/AppData/Local/Temp/UnrealShaderWorkingDir/C0174E44401B2032041A5C87F0944EA7/'.
[2018.04.07-14.03.08:728][  0]LogTemp: Display: Loaded TP AllDesktopTargetPlatform
[2018.04.07-14.03.08:755][  0]LogTemp: Display: Loaded TP MacClientTargetPlatform
[2018.04.07-14.03.08:774][  0]LogTemp: Display: Loaded TP MacNoEditorTargetPlatform
[2018.04.07-14.03.08:789][  0]LogTemp: Display: Loaded TP MacServerTargetPlatform
[2018.04.07-14.03.08:831][  0]LogTemp: Display: Loaded TP MacTargetPlatform
[2018.04.07-14.03.08:852][  0]LogTemp: Display: Loaded TP WindowsClientTargetPlatform
[2018.04.07-14.03.08:869][  0]LogTemp: Display: Loaded TP WindowsNoEditorTargetPlatform
[2018.04.07-14.03.08:884][  0]LogTemp: Display: Loaded TP WindowsServerTargetPlatform
[2018.04.07-14.03.08:891][  0]LogTemp: Display: Loaded TP WindowsTargetPlatform
[2018.04.07-14.03.08:904][  0]LogTemp: Display: Loaded TP Android_ASTCTargetPlatform
[2018.04.07-14.03.08:916][  0]LogTemp: Display: Loaded TP Android_ATCTargetPlatform
[2018.04.07-14.03.08:928][  0]LogTemp: Display: Loaded TP Android_DXTTargetPlatform
[2018.04.07-14.03.08:941][  0]LogTemp: Display: Loaded TP Android_ETC1aTargetPlatform
[2018.04.07-14.03.08:953][  0]LogTemp: Display: Loaded TP Android_ETC1TargetPlatform
[2018.04.07-14.03.08:965][  0]LogTemp: Display: Loaded TP Android_ETC2TargetPlatform
[2018.04.07-14.03.08:990][  0]LogTemp: Display: Loaded TP Android_MultiTargetPlatform
[2018.04.07-14.03.08:990][  0]LogTemp: Display: Loaded TP Android_PVRTCTargetPlatform
[2018.04.07-14.03.09:018][  0]LogTemp: Display: Loaded TP AndroidTargetPlatform
[2018.04.07-14.03.09:020][  0]LogTemp: Display: Loaded TP HTML5TargetPlatform
[2018.04.07-14.03.09:097][  0]LogTemp: Display: Loaded TP IOSTargetPlatform
[2018.04.07-14.03.09:110][  0]LogTemp: Display: Loaded TP TVOSTargetPlatform
[2018.04.07-14.03.09:123][  0]LogTemp: Display: Loaded TP LinuxClientTargetPlatform
[2018.04.07-14.03.09:135][  0]LogTemp: Display: Loaded TP LinuxNoEditorTargetPlatform
[2018.04.07-14.03.09:148][  0]LogTemp: Display: Loaded TP LinuxServerTargetPlatform
[2018.04.07-14.03.09:176][  0]LogTemp: Display: Loaded TP LinuxTargetPlatform
[2018.04.07-14.03.09:176][  0]LogTargetPlatformManager: Display: Building Assets For Windows
[2018.04.07-14.03.09:863][  0]LogXGEController: Cleaning working directory: C:/Users/BigBoss/AppData/Local/Temp/UnrealXGEWorkingDir/
[2018.04.07-14.03.09:863][  0]LogXGEController: Cannot use XGE Controller as Incredibuild is not installed on this machine.
[2018.04.07-14.03.09:865][  0]LogShaderCompilers: Cannot use XGE Shader Compiler as Incredibuild is not installed on this machine.
[2018.04.07-14.03.09:865][  0]LogShaderCompilers: Display: Using Local Shader Compiler.
[2018.04.07-14.03.12:179][  0]LogDerivedDataCache: Display: Max Cache Size: 512 MB
[2018.04.07-14.03.12:527][  0]LogDerivedDataCache: Loaded boot cache 0.35s 74MB C:/Users/BigBoss/AppData/Local/UnrealEngine/4.19/DerivedDataCache/Boot.ddc.
[2018.04.07-14.03.12:528][  0]LogDerivedDataCache: Display: Loaded Boot cache: C:/Users/BigBoss/AppData/Local/UnrealEngine/4.19/DerivedDataCache/Boot.ddc
[2018.04.07-14.03.12:528][  0]LogDerivedDataCache: FDerivedDataBackendGraph:  Pak pak cache file E:/Projects/MadJock/Tutorials/Ai_Jumping_NavLinks/UE4/MadJock_SmartLinks/DerivedDataCache/DDC.ddp not found, will not use a pak cache.
[2018.04.07-14.03.12:528][  0]LogDerivedDataCache: Unable to find inner node Pak for hierarchical cache Hierarchy.
[2018.04.07-14.03.12:528][  0]LogDerivedDataCache: FDerivedDataBackendGraph:  CompressedPak pak cache file E:/Projects/MadJock/Tutorials/Ai_Jumping_NavLinks/UE4/MadJock_SmartLinks/DerivedDataCache/Compressed.ddp not found, will not use a pak cache.
[2018.04.07-14.03.12:528][  0]LogDerivedDataCache: Unable to find inner node CompressedPak for hierarchical cache Hierarchy.
[2018.04.07-14.03.12:562][  0]LogDerivedDataCache: Display: Pak cache opened for reading ../../../Engine/DerivedDataCache/Compressed.ddp.
[2018.04.07-14.03.12:574][  0]LogDerivedDataCache: Using Local data cache path C:/Users/BigBoss/AppData/Local/UnrealEngine/Common/DerivedDataCache: Writable
[2018.04.07-14.03.12:597][  0]LogMaterial: Verifying Global Shaders for PCD3D_SM5
[2018.04.07-14.03.12:607][  0]LogSlate: Using Freetype 2.6.0
[2018.04.07-14.03.12:642][  0]LogSlate: SlateFontCache - WITH_FREETYPE: 1, WITH_HARFBUZZ: 1
[2018.04.07-14.03.12:643][  0]LogSlate: SlateFontCache - WITH_FREETYPE: 1, WITH_HARFBUZZ: 1
[2018.04.07-14.03.16:345][  0]LogAssetRegistry: FAssetRegistry took 0.0349 seconds to start up
[2018.04.07-14.03.16:881][  0]LogInit: Selected Device Profile: [Windows]
[2018.04.07-14.03.17:399][  0]LogSimplygon: Simplygon DLL not present - disabling.
[2018.04.07-14.03.17:407][  0]LogMeshReduction: Using SimplygonSwarm for distributed automatic mesh merging
[2018.04.07-14.03.17:408][  0]LogMeshReduction: Using QuadricMeshReduction for automatic static mesh reduction
[2018.04.07-14.03.17:409][  0]LogMeshReduction: No automatic skeletal mesh reduction module available
[2018.04.07-14.03.17:409][  0]LogMeshReduction: No automatic mesh merging module available
[2018.04.07-14.03.17:409][  0]LogMeshMerging: No automatic mesh merging module available
[2018.04.07-14.03.17:519][  0]LogNetVersion: MadJock_SmartLinks , NetCL: 3944462, EngineNetVer: 2, GameNetVer: 0 (Checksum: 312060532)
[2018.04.07-14.03.19:119][  0]LogPackageLocalizationCache: Processed 9 localized package path(s) for 2 prioritized culture(s) in 0.100675 seconds
[2018.04.07-14.03.19:124][  0]LogUObjectArray: 36728 objects as part of root set at end of initial load.
[2018.04.07-14.03.19:124][  0]LogUObjectAllocator: 7314312 out of 0 bytes used by permanent object pool.
[2018.04.07-14.03.19:124][  0]LogUObjectArray: CloseDisregardForGC: 0/0 objects in disregard for GC pool
[2018.04.07-14.03.25:212][  0]LogTcpMessaging: Initializing TcpMessaging bridge
[2018.04.07-14.03.25:244][  0]LogUdpMessaging: Initializing bridge on interface 0.0.0.0:0 to multicast group 230.0.0.1:6666.
[2018.04.07-14.03.25:831][  0]SourceControl: Source control is disabled
[2018.04.07-14.03.25:831][  0]SourceControl: Source control is disabled
[2018.04.07-14.03.25:875][  0]SourceControl: Source control is disabled
[2018.04.07-14.03.25:899][  0]SourceControl: Source control is disabled
[2018.04.07-14.03.26:619][  0]LogAndroidPermission: UAndroidPermissionCallbackProxy::GetInstance
[2018.04.07-14.03.26:854][  0]LogOcInput: OculusInput pre-init called
[2018.04.07-14.03.27:047][  0]LogEngine: Initializing Engine...
[2018.04.07-14.03.27:049][  0]LogHMD: Oculus plugin initialized. Version: 4.19.0-3944462+++UE4+Release-4.19, OVRPlugin: 1.21.0
[2018.04.07-14.03.27:052][  0]LogStats: UGameplayTagsManager::ConstructGameplayTagTree: Construct from data asset -  0.000 s
[2018.04.07-14.03.27:053][  0]LogStats: UGameplayTagsManager::ConstructGameplayTagTree: GameplayTagTreeChangedEvent.Broadcast -  0.000 s
[2018.04.07-14.03.27:583][  0]LogAIModule: Creating AISystem for world Untitled
[2018.04.07-14.03.27:624][  0]LogInit: XAudio2 using 'Speakers (Display Audio)' : 2 channels at 48 kHz using 16 bits per sample (channel mask 0x3)
[2018.04.07-14.03.27:643][  0]LogInit: FAudioDevice initialized.
[2018.04.07-14.03.27:754][  0]LogDerivedDataCache: Saved boot cache 0.11s 74MB C:/Users/BigBoss/AppData/Local/UnrealEngine/4.19/DerivedDataCache/Boot.ddc.
[2018.04.07-14.03.27:776][  0]LogInit: Texture streaming: Enabled
[2018.04.07-14.03.27:811][  0]LogEngineSessionManager: EngineSessionManager initialized
[2018.04.07-14.03.27:852][  0]LogInit: Transaction tracking system initialized
[2018.04.07-14.03.27:933][  0]BlueprintLog: New page: Editor Load
[2018.04.07-14.03.28:194][  0]LocalizationService: Localization service is disabled
[2018.04.07-14.03.28:439][  0]LogConsoleResponse: Display: 
[2018.04.07-14.03.29:153][  0]LogFileCache: Scanning file cache for directory 'E:/Projects/MadJock/Tutorials/Ai_Jumping_NavLinks/UE4/MadJock_SmartLinks/Content/' took 0.02s
[2018.04.07-14.03.29:153][  0]LogCook: Display: Max memory allowance for cook 16384mb min free memory 0mb
[2018.04.07-14.03.29:153][  0]LogCook: Display: Mobile HDR setting 1
[2018.04.07-14.03.29:153][  0]LogGameplayTags: Display: UGameplayTagsManager::DoneAddingNativeTags. DelegateIsBound: 0
[2018.04.07-14.03.29:153][  0]LogStats: UGameplayTagsManager::ConstructGameplayTagTree: Construct from data asset -  0.000 s
[2018.04.07-14.03.29:153][  0]LogStats: UGameplayTagsManager::ConstructGameplayTagTree: GameplayTagTreeChangedEvent.Broadcast -  0.000 s
[2018.04.07-14.03.29:874][  0]SourceControl: Source control is disabled
[2018.04.07-14.03.29:878][  0]Cmd: MAP LOAD FILE="../../../Engine/Content/Maps/Templates/Template_Default.umap" TEMPLATE=1 SHOWPROGRESS=1 FEATURELEVEL=3
[2018.04.07-14.03.29:890][  0]LightingResults: New page: Lighting Build
[2018.04.07-14.03.29:907][  0]MapCheck: New page: Map Check
[2018.04.07-14.03.29:907][  0]LightingResults: New page: Lighting Build
[2018.04.07-14.03.30:538][  0]LogAIModule: Creating AISystem for world Untitled_1
[2018.04.07-14.03.30:596][  0]LogEditorServer: Finished looking for orphan Actors (0.000 secs)
[2018.04.07-14.03.30:619][  0]Cmd: MAP CHECKDEP NOCLEARLOG
[2018.04.07-14.03.30:682][  0]MapCheck: Map check complete: 0 Error(s), 0 Warning(s), took 62.935ms to complete.
[2018.04.07-14.03.30:682][  0]LogFileHelpers: Loading map 'Template_Default' took 0.805
[2018.04.07-14.03.31:073][  0]LogCollectionManager: Loaded 0 collections in 0.001900 seconds
[2018.04.07-14.03.31:163][  0]LogFileCache: Scanning file cache for directory 'E:/Projects/MadJock/Tutorials/Ai_Jumping_NavLinks/UE4/MadJock_SmartLinks/Saved/Collections/' took 0.01s
[2018.04.07-14.03.31:163][  0]LogFileCache: Scanning file cache for directory 'E:/Projects/MadJock/Tutorials/Ai_Jumping_NavLinks/UE4/MadJock_SmartLinks/Content/Developers/BigBoss/Collections/' took 0.01s
[2018.04.07-14.03.31:163][  0]LogFileCache: Scanning file cache for directory 'E:/Projects/MadJock/Tutorials/Ai_Jumping_NavLinks/UE4/MadJock_SmartLinks/Content/Collections/' took 0.00s
[2018.04.07-14.03.31:163][  0]LogCollectionManager: Rebuilt the GUID cache for 0 collections in 0.000001 seconds
[2018.04.07-14.03.31:177][  0]LogContentBrowser: Native class hierarchy populated in 0.0107 seconds. Added 2452 classes and 558 folders.
[2018.04.07-14.03.31:194][  0]LogContentBrowser: Native class hierarchy updated for 'WidgetCarousel' in 0.0003 seconds. Added 0 classes and 0 folders.
[2018.04.07-14.03.31:246][  0]LogContentBrowser: Native class hierarchy updated for 'AddContentDialog' in 0.0003 seconds. Added 0 classes and 0 folders.
[2018.04.07-14.03.31:264][  0]LogContentBrowser: Native class hierarchy updated for 'SceneOutliner' in 0.0005 seconds. Added 1 classes and 2 folders.
[2018.04.07-14.03.31:449][  0]LogSlate: Took 0.032773 seconds to synchronously load lazily loaded font '../../../Engine/Content/Slate/Fonts/Roboto-Regular.ttf' (155K)
[2018.04.07-14.03.31:466][  0]LogSlate: Took 0.012574 seconds to synchronously load lazily loaded font '../../../Engine/Content/Slate/Fonts/Roboto-Bold.ttf' (160K)
[2018.04.07-14.03.31:502][  0]LogSlate: Took 0.012549 seconds to synchronously load lazily loaded font '../../../Engine/Content/Editor/Slate/Fonts/FontAwesome.ttf' (139K)
[2018.04.07-14.03.31:800][  0]LogRenderer: Reallocating scene render targets to support 1616x836 Format 10 NumSamples 1 (Frame:1).
[2018.04.07-14.03.32:026][  0]LogContentBrowser: Native class hierarchy updated for 'HierarchicalLODOutliner' in 0.0003 seconds. Added 0 classes and 0 folders.
[2018.04.07-14.03.32:026][  0]LogLoad: (Engine Initialization) Total time: 37.48 seconds
[2018.04.07-14.03.32:026][  0]LogLoad: (Engine Initialization) Total Blueprint compile time: 0.00 seconds
[2018.04.07-14.03.32:409][  0]LogOcInput: OculusInput is initialized
[2018.04.07-14.03.32:450][  0]LogContentStreaming: Texture pool size now 1000 MB
[2018.04.07-14.03.33:381][  3]LogAssetRegistry: Asset discovery search completed in 17.0583 seconds
[2018.04.07-14.03.33:386][  3]LogCollectionManager: Rebuilt the object cache for 0 collections in 0.000001 seconds (found 0 objects)
[2018.04.07-14.03.33:386][  3]LogCollectionManager: Fixed up redirectors for 0 collections in 0.000123 seconds (updated 0 objects)
[2018.04.07-14.03.41:797][ 28]LogSlate: FSceneViewport::OnFocusLost() reason 2
[2018.04.07-14.03.44:607][305]LogSlate: FSceneViewport::OnFocusLost() reason 2
[2018.04.07-14.03.45:866][445]LogSlate: FSceneViewport::OnFocusLost() reason 2
[2018.04.07-14.03.47:315][445]LogSlate: Only BGRA pngs, bmps or icos are supported in by External Image Picker
[2018.04.07-14.03.47:469][446]LogTemp: Executing iPhonePackager certificates Engine -bundlename com.YourCompany.MadJockSmartLinks
[2018.04.07-14.03.47:469][446]LogTemp: CWD: C:\Program Files\Epic Games\UE_4.19\Engine\Binaries\DotNET\IOS
[2018.04.07-14.03.47:469][446]LogTemp: Initial Dir: C:\Program Files\Epic Games\UE_4.19
[2018.04.07-14.03.47:469][446]LogTemp: Env CWD: C:\Program Files\Epic Games\UE_4.19\Engine\Binaries\DotNET\IOS
[2018.04.07-14.03.47:469][446]LogTemp: BranchPath = OUTERHAVEN/C/Program Files/Epic Games/UE_4.19/Engine/Binaries --- GameBranchPath = OUTERHAVEN/C/Program Files/Epic Games/UE_4.19/Engine/Binaries
[2018.04.07-14.03.47:469][446]LogTemp: IPP ERROR: Could not find provision directory 'C:\Users\BigBoss\AppData\Local/Apple Computer/MobileDevice/Provisioning Profiles/'.
[2018.04.07-14.03.52:501][956]LogSlate: Took 0.007920 seconds to synchronously load lazily loaded font '../../../Engine/Content/Slate/Fonts/Roboto-Light.ttf' (167K)
[2018.04.07-14.03.56:855][419]LogSlate: Window 'Project Settings' being destroyed
[2018.04.07-14.04.01:011][896]LogSlate: FSceneViewport::OnFocusLost() reason 2
[2018.04.07-14.04.03:520][166]Cmd: MAP LOAD FILE="E:/Projects/MadJock/Tutorials/Ai_Jumping_NavLinks/UE4/MadJock_SmartLinks/Content/Maps/JumpingTestLevel_001.umap" TEMPLATE=0 SHOWPROGRESS=1 FEATURELEVEL=3
[2018.04.07-14.04.03:533][166]LogSlate: FSceneViewport::OnFocusLost() reason 2
[2018.04.07-14.04.03:540][166]LightingResults: New page: Lighting Build
[2018.04.07-14.04.03:541][166]LoadErrors: New page: Loading map: JumpingTestLevel_001.umap
[2018.04.07-14.04.03:542][166]MapCheck: New page: Map Check
[2018.04.07-14.04.03:542][166]LightingResults: New page: Lighting Build
[2018.04.07-14.04.04:255][166]LogSkeletalMesh: Skeletal Mesh found in DDC [10.561785ms] /Game/UE4_Mannequin_Mobile/Mesh/SK_Mannequin_Mobile.SK_Mannequin_Mobile
[2018.04.07-14.04.04:286][166]LogAIModule: Creating AISystem for world JumpingTestLevel_001
[2018.04.07-14.04.04:317][166]LogEditorServer: Finished looking for orphan Actors (0.000 secs)
[2018.04.07-14.04.04:372][166]Cmd: MAP CHECKDEP NOCLEARLOG
[2018.04.07-14.04.04:447][166]MapCheck: Map check complete: 0 Error(s), 0 Warning(s), took 74.759ms to complete.
[2018.04.07-14.04.04:447][166]LogFileHelpers: Loading map 'JumpingTestLevel_001' took 0.927
[2018.04.07-14.04.20:634][  0]LogSlate: FSceneViewport::OnFocusLost() reason 2
[2018.04.07-14.04.23:389][281]MapCheck: New page: Map Check
[2018.04.07-14.04.23:407][281]Cmd: MAP REBUILD ALLVISIBLE
[2018.04.07-14.04.23:407][281]LogEditorServer: Rebuildmap Clear paths rebuilt
[2018.04.07-14.04.23:528][281]LogMaterial: Missing cached shader map for material FDebugViewModeMaterialProxy WorldGridMaterial, compiling. Is special engine material.
[2018.04.07-14.04.23:541][281]LogShaderCompilers: Display: Shaders left to compile 1
[2018.04.07-14.04.23:541][281]LogMaterial: Missing cached shader map for material FDebugViewModeMaterialProxy DefaultMaterial, compiling. 
[2018.04.07-14.04.23:549][281]LogMaterial: Missing cached shader map for material FDebugViewModeMaterialProxy MaterialInstanceDynamic_1, compiling. 
[2018.04.07-14.04.23:558][281]LogMaterial: Missing cached shader map for material FDebugViewModeMaterialProxy BasicShapeMaterial, compiling. 
[2018.04.07-14.04.23:566][281]LogMaterial: Missing cached shader map for material FDebugViewModeMaterialProxy M_UE4Man_Body, compiling. 
[2018.04.07-14.04.23:576][281]LogMaterial: Missing cached shader map for material FDebugViewModeMaterialProxy M_UE4Man_ChestLogo, compiling. 
[2018.04.07-14.04.24:713][281]LogShaderCompilers: Display: Shaders left to compile 5
[2018.04.07-14.04.24:713][281]LogShaderCompilers: Display: Shaders left to compile 4
[2018.04.07-14.04.24:713][281]LogShaderCompilers: Display: Shaders left to compile 3
[2018.04.07-14.04.24:713][281]LogShaderCompilers: Display: Shaders left to compile 2
[2018.04.07-14.04.24:713][281]LogShaderCompilers: Display: Shaders left to compile 1
[2018.04.07-14.04.24:713][281]TextureStreamingBuild: Display: Compiling optional shaders took 1.193 seconds.
[2018.04.07-14.04.24:751][281]LogLevel: Display: Export Material TexCoord Scales took 0.037 seconds.
[2018.04.07-14.04.24:761][281]TextureStreamingBuild: Display: Build Texture Streaming took 0.010 seconds.
[2018.04.07-14.04.24:777][281]LightingResults: New page: Lighting Build - 7 Apr 2018 16:04:24
[2018.04.07-14.04.24:924][281]LogSwarmInterface: [OpenConnection] Registering TCP channel ...
[2018.04.07-14.04.25:120][281]LogSwarmInterface: [OpenConnection] Connecting to agent ...
[2018.04.07-14.04.25:142][281]LogSwarmInterface: [TryOpenConnection] Testing the Agent
[2018.04.07-14.04.26:210][281]LogSwarmInterface: [TryOpenConnection] Opening Connection to Agent
[2018.04.07-14.04.26:210][281]LogSwarmInterface: [TryOpenConnection] Local Process ID is 3324
[2018.04.07-14.04.29:476][281]LogStaticLightingSystem: Warning: No importance volume found, so the scene bounding box was used.  You can optimize your scene's quality and lighting build times by adding importance volumes.
[2018.04.07-14.04.29:476][281]LogStaticLightingSystem: Running Lightmass w/ ImmediateImport mode ENABLED
[2018.04.07-14.04.29:476][281]LogStaticLightingSystem: Running Lightmass w/ ImmediateProcess mode ENABLED
[2018.04.07-14.04.29:476][281]LogStaticLightingSystem: Running Lightmass w/ Sorting mode ENABLED
[2018.04.07-14.04.29:476][281]LogStaticLightingSystem: Running Lightmass w/ Mapping paddings ENABLED
[2018.04.07-14.04.29:476][281]LogStaticLightingSystem: Running Lightmass w/ Mapping debug paddings DISABLED
[2018.04.07-14.04.29:741][281]Cmd: MAP CHECK DONTDISPLAYDIALOG
[2018.04.07-14.04.29:741][281]MapCheck: New page: JumpingTestLevel_001 - 7 Apr 2018 16:04:29
[2018.04.07-14.04.29:742][281]MapCheck: Error: WorldSettings_1 Maps need lighting rebuilt 
[2018.04.07-14.04.29:813][281]MapCheck: Map check complete: 1 Error(s), 0 Warning(s), took 72.263ms to complete.
[2018.04.07-14.04.29:837][281]LogEditorBuildUtils: Build time 0:06
[2018.04.07-14.04.29:858][281]LogSlate: FSceneViewport::OnFocusLost() reason 2
[2018.04.07-14.04.34:904][644]Job is a success!
[2018.04.07-14.04.34:982][645]LogVolumetricLightmapImport: Imported Volumetric Lightmap in 0.035s
[2018.04.07-14.04.34:982][645]LogVolumetricLightmapImport:      Indirection Texture 16x16x16 = 0.0Mb
[2018.04.07-14.04.34:982][645]LogVolumetricLightmapImport:      BrickData 1280x10x5 = 2.3Mb (trimmed 0.0Mb due to 0.010000 MinBrickError)
[2018.04.07-14.04.34:982][645]LogVolumetricLightmapImport:      Bricks at Level
[2018.04.07-14.04.34:982][645]LogVolumetricLightmapImport:          0: 0.3% covering 100.0% of volume
[2018.04.07-14.04.34:982][645]LogVolumetricLightmapImport:          1: 4.4% covering 25.0% of volume
[2018.04.07-14.04.34:982][645]LogVolumetricLightmapImport:          2: 95.3% covering 8.4% of volume
[2018.04.07-14.04.35:240][645]LogTexture: Display: Building textures: HQ_Lightmap0_2 (AutoDXT, 64X64)
[2018.04.07-14.04.35:240][645]LogTexture: Display: Building textures: HQ_Lightmap0_1 (AutoDXT, 1024X1024)
[2018.04.07-14.04.35:240][645]LogTexture: Display: Building textures: LQ_Lightmap_0_2 (DXT1, 64X64)
[2018.04.07-14.04.35:240][645]LogTexture: Display: Building textures: LQ_Lightmap_0_1 (DXT1, 1024X1024)
[2018.04.07-14.04.35:380][645]LogTexture: Display: Building textures: ShadowMapTexture2D_1 (G8, 32X32)
[2018.04.07-14.04.35:380][645]LogTexture: Display: Building textures: ShadowMapTexture2D_0 (G8, 1024X512)
[2018.04.07-14.04.35:471][645]Lightmass on OUTERHAVEN: 3.99 sec total, 189 ms importing, 17 ms setup, 1.47 sec photons, 2.20 sec processing, 0 ms extra exporting [7/7 mappings]. Threads: 23.7 sec total, 2.28 sec processing.
[2018.04.07-14.04.35:522][645]LogStaticLightingSystem: Illumination: 10.7 sec (234 ms encoding lightmaps, 135 ms encoding shadowmaps)
[2018.04.07-14.04.35:522][645]LogStaticLightingSystem: Lightmap texture memory:  2.0 MB (2.0 MB streaming, 0.0 MB non-streaming), 4 textures
[2018.04.07-14.04.35:522][645]LogStaticLightingSystem: Shadowmap texture memory: 0.7 MB (0.7 MB streaming, 0.0 MB non-streaming), 2 textures
[2018.04.07-14.04.36:486][645]DumpUnbuiltLightIteractions
[2018.04.07-14.04.36:486][645]Lights with unbuilt interactions: 0
[2018.04.07-14.04.36:486][645]
[2018.04.07-14.04.36:486][645]Primitives with unbuilt interactions: 0
[2018.04.07-14.04.36:504][645]LogSlate: FSceneViewport::OnFocusLost() reason 2
[2018.04.07-14.04.36:568][646]Cmd: MAP CHECK NOTIFYRESULTS
[2018.04.07-14.04.36:568][646]MapCheck: New page: JumpingTestLevel_001 - 7 Apr 2018 16:04:36
[2018.04.07-14.04.36:665][646]MapCheck: Map check complete: 0 Error(s), 0 Warning(s), took 96.813ms to complete.
[2018.04.07-14.04.54:684][710]LogSlate: FSceneViewport::OnFocusLost() reason 0
[2018.04.07-14.04.54:776][721]LogSlate: Window 'Message Log' being destroyed
[2018.04.07-14.04.54:779][721]LogSlate: Window 'Message Log' being destroyed
[2018.04.07-14.04.56:579][925]LogSlate: FSceneViewport::OnFocusLost() reason 0
[2018.04.07-14.04.58:000][933]LogSlate: Window 'Save Content' being destroyed
[2018.04.07-14.04.58:015][933]LogSlate: FSceneViewport::OnFocusLost() reason 2
[2018.04.07-14.04.58:344][933]LogSavePackage: Save=166.62ms
[2018.04.07-14.04.58:344][933]LogSavePackage: Moving 'E:/Projects/MadJock/Tutorials/Ai_Jumping_NavLinks/UE4/MadJock_SmartLinks/Saved/JumpingTestLevel_001191B764544FC8D889C61648EFF0C7FE1.tmp' to 'E:/Projects/MadJock/Tutorials/Ai_Jumping_NavLinks/UE4/MadJock_SmartLinks/Content/Maps/JumpingTestLevel_001.umap'
[2018.04.07-14.04.58:353][933]LogSavePackage: Display: Finished SavePackage E:/Projects/MadJock/Tutorials/Ai_Jumping_NavLinks/UE4/MadJock_SmartLinks/Content/Maps/JumpingTestLevel_001.umap
[2018.04.07-14.04.58:386][933]LogFileHelpers: Saving map 'JumpingTestLevel_001' took 0.362
[2018.04.07-14.04.58:471][933]LogSavePackage: Save=71.20ms
[2018.04.07-14.04.58:471][933]LogSavePackage: Moving 'E:/Projects/MadJock/Tutorials/Ai_Jumping_NavLinks/UE4/MadJock_SmartLinks/Saved/JumpingTestLevel_001_BuiltData999DDCCF47FEE8BF5EEB0F9F1CE04498.tmp' to 'E:/Projects/MadJock/Tutorials/Ai_Jumping_NavLinks/UE4/MadJock_SmartLinks/Content/Maps/JumpingTestLevel_001_BuiltData.uasset'
[2018.04.07-14.04.58:473][933]LogSavePackage: Display: Finished SavePackage E:/Projects/MadJock/Tutorials/Ai_Jumping_NavLinks/UE4/MadJock_SmartLinks/Content/Maps/JumpingTestLevel_001_BuiltData.uasset
